Arguments: 
  C:\dev\nodejs_nvm\node.exe C:\dev\Yarn\bin\yarn.js install

PATH: 
  C:\Users\10827\bin;C:\dev\Git\mingw64\bin;C:\dev\Git\usr\local\bin;C:\dev\Git\usr\bin;C:\dev\Git\usr\bin;C:\dev\Git\mingw64\bin;C:\dev\Git\usr\bin;C:\Users\10827\bin;C:\ProgramData\Oracle\Java\javapath;C:\Program Files (x86)\Intel\iCLS Client;C:\Program Files\Intel\iCLS Client;C:\windows\system32;C:\windows;C:\windows\System32\Wbem;C:\windows\System32\WindowsPowerShell\v1.0;C:\Program Files (x86)\NVIDIA Corporation\PhysX\Common;C:\Program Files (x86)\Intel\Intel(R) Management Engine Components\DAL;C:\Program Files\Intel\Intel(R) Management Engine Components\DAL;C:\Program Files (x86)\Intel\Intel(R) Management Engine Components\IPT;C:\Program Files\Intel\Intel(R) Management Engine Components\IPT;D:\Git\cmd;C:\dev\nvm;C:\dev\nodejs_nvm;C:\dev\Yarn\bin;C:\WINDOWS\system32;C:\WINDOWS;C:\WINDOWS\System32\Wbem;C:\WINDOWS\System32\WindowsPowerShell\v1.0;C:\Program Files\Java\jdk1.8.0_151\bin;C:\Program Files\Java\jdk1.8.0_151\jre\bin;C:\dev\Git\cmd;C:\Program Files\Intel\WiFi\bin;C:\Program Files\Common Files\Intel\WirelessCommon;C:\dev\TortoiseGit\bin;C:\Users\10827\AppData\Local\Microsoft\WindowsApps;D:\Microsoft VS Code Insiders\bin;C:\Users\10827\AppData\Roaming\npm;C:\dev\nvm;C:\dev\nodejs_nvm;E:\Microsoft VS Code\bin;C:\Program Files (x86)\Egret\Egret Wing 3\bin;C:\Users\10827\AppData\Local\Yarn\bin;C:\Users\10827\AppData\Local\Android\Sdk\tools;C:\Users\10827\AppData\Local\Android\Sdk\platform-tools;C:\dev\Git\usr\bin\vendor_perl;C:\dev\Git\usr\bin\core_perl

Yarn version: 
  1.3.2

Node version: 
  6.9.5

Platform: 
  win32 x64

npm manifest: 
  {
    "name": "node-redwine",
    "version": "0.0.0",
    "private": true,
    "scripts": {
      "develop": "./node_modules/.bin/gulp develop --gulpfile gulpfile.js",
      "dev": "cross-env NODE_ENV=development hotnode ./bin/www",
      "start": "cross-env NODE_ENV=production pm2 start ./bin/www --name 'redwines'",
      "stop": "cross-env NODE_ENV=production pm2 stop ./bin/www --name 'redwines'"
    },
    "dependencies": {
      "body-parser": "~1.17.1",
      "cookie-parser": "~1.4.3",
      "debug": "~2.6.3",
      "ejs": "~2.5.6",
      "express": "~4.15.2",
      "morgan": "~1.8.1",
      "serve-favicon": "~2.4.2"
    },
    "devDependencies": {
      "content-disposition": "^0.5.2",
      "cross-env": "^5.1.1",
      "ee-first": "^1.1.1",
      "finalhandler": "^1.1.0",
      "forwarded": "^0.1.2",
      "gulp": "^3.9.1",
      "gulp-autoprefixer": "^5.0.0",
      "gulp-clean-css": "^3.9.3",
      "gulp-livereload": "^3.8.1",
      "gulp-nodemon": "^2.2.1",
      "gulp-rename": "^1.2.2",
      "gulp-sass": "^3.1.0",
      "hotnode": "^0.0.8",
      "inherits": "^2.0.3",
      "ipaddr.js": "^1.5.2",
      "merge-descriptors": "^1.0.1",
      "methods": "^1.1.2",
      "mongoose": "^4.12.4",
      "multer": "^1.3.0",
      "path-to-regexp": "^2.0.0",
      "pomelo-logger": "^0.1.7",
      "send": "^0.16.0",
      "serve-static": "^1.13.0",
      "setprototypeof": "^1.1.0"
    }
  }

yarn manifest: 
  No manifest

Lockfile: 
  No lockfile

Trace: 
  Error: ENOENT: no such file or directory, open 'E:\personal\node_redwine\node_modules\ansi-align\node_modules\ansi-regex\license'
      at Error (native)
